{"/usr/src/app/src/app.ts": {"path":"/usr/src/app/src/app.ts","statementMap":{"0":{"start":{"line":1,"column":0},"end":{"line":1,"column":30}},"1":{"start":{"line":2,"column":0},"end":{"line":2,"column":24}},"2":{"start":{"line":3,"column":0},"end":{"line":3,"column":66}},"3":{"start":{"line":4,"column":0},"end":{"line":4,"column":24}},"4":{"start":{"line":5,"column":0},"end":{"line":5,"column":41}},"5":{"start":{"line":6,"column":0},"end":{"line":6,"column":43}},"6":{"start":{"line":7,"column":0},"end":{"line":7,"column":84}},"7":{"start":{"line":8,"column":0},"end":{"line":8,"column":65}},"8":{"start":{"line":10,"column":12},"end":{"line":10,"column":21}},"9":{"start":{"line":11,"column":0},"end":{"line":13,"column":5}},"10":{"start":{"line":11,"column":12},"end":{"line":13,"column":2}},"11":{"start":{"line":12,"column":2},"end":{"line":12,"column":23}},"12":{"start":{"line":15,"column":0},"end":{"line":15,"column":16}},"13":{"start":{"line":16,"column":0},"end":{"line":16,"column":24}},"14":{"start":{"line":17,"column":0},"end":{"line":17,"column":78}},"15":{"start":{"line":18,"column":14},"end":{"line":18,"column":35}},"16":{"start":{"line":20,"column":0},"end":{"line":20,"column":65}},"17":{"start":{"line":21,"column":0},"end":{"line":21,"column":30}},"18":{"start":{"line":23,"column":0},"end":{"line":25,"column":3}},"19":{"start":{"line":24,"column":2},"end":{"line":24,"column":29}},"20":{"start":{"line":26,"column":13},"end":{"line":26,"column":37}},"21":{"start":{"line":28,"column":0},"end":{"line":30,"column":1}},"22":{"start":{"line":29,"column":2},"end":{"line":29,"column":62}},"23":{"start":{"line":29,"column":25},"end":{"line":29,"column":60}},"24":{"start":{"line":32,"column":0},"end":{"line":32,"column":19}}},"fnMap":{"0":{"name":"(anonymous_8)","decl":{"start":{"line":11,"column":1},"end":{"line":11,"column":10}},"loc":{"start":{"line":11,"column":12},"end":{"line":13,"column":2}}},"1":{"name":"(anonymous_9)","decl":{"start":{"line":11,"column":12},"end":{"line":11,"column":null}},"loc":{"start":{"line":11,"column":12},"end":{"line":13,"column":1}}},"2":{"name":"(anonymous_10)","decl":{"start":{"line":23,"column":13},"end":{"line":23,"column":14}},"loc":{"start":{"line":23,"column":26},"end":{"line":25,"column":1}}},"3":{"name":"(anonymous_11)","decl":{"start":{"line":29,"column":19},"end":{"line":29,"column":22}},"loc":{"start":{"line":29,"column":25},"end":{"line":29,"column":60}}}},"branchMap":{"0":{"loc":{"start":{"line":26,"column":13},"end":{"line":26,"column":37}},"type":"binary-expr","locations":[{"start":{"line":26,"column":13},"end":{"line":26,"column":29}},{"start":{"line":26,"column":33},"end":{"line":26,"column":37}}]},"1":{"loc":{"start":{"line":28,"column":0},"end":{"line":30,"column":1}},"type":"if","locations":[{"start":{"line":28,"column":0},"end":{"line":30,"column":1}}]}},"s":{"0":1,"1":1,"2":1,"3":1,"4":1,"5":1,"6":1,"7":1,"8":1,"9":1,"10":1,"11":1,"12":1,"13":1,"14":1,"15":1,"16":1,"17":1,"18":1,"19":0,"20":1,"21":1,"22":0,"23":0,"24":1},"f":{"0":1,"1":1,"2":0,"3":0},"b":{"0":[1,1],"1":[0]}}
,"/usr/src/app/src/user/application/userUseCase.ts": {"path":"/usr/src/app/src/user/application/userUseCase.ts","statementMap":{"0":{"start":{"line":2,"column":0},"end":{"line":2,"column":42}},"1":{"start":{"line":3,"column":0},"end":{"line":3,"column":49}},"2":{"start":{"line":7,"column":31},"end":{"line":7,"column":61}},"3":{"start":{"line":10,"column":17},"end":{"line":10,"column":31}},"4":{"start":{"line":11,"column":22},"end":{"line":11,"column":54}},"5":{"start":{"line":12,"column":24},"end":{"line":12,"column":68}},"6":{"start":{"line":13,"column":4},"end":{"line":13,"column":23}},"7":{"start":{"line":17,"column":24},"end":{"line":17,"column":67}},"8":{"start":{"line":18,"column":4},"end":{"line":18,"column":23}},"9":{"start":{"line":21,"column":18},"end":{"line":21,"column":54}},"10":{"start":{"line":22,"column":4},"end":{"line":22,"column":17}},"11":{"start":{"line":25,"column":17},"end":{"line":25,"column":63}},"12":{"start":{"line":26,"column":4},"end":{"line":26,"column":16}},"13":{"start":{"line":29,"column":17},"end":{"line":29,"column":62}},"14":{"start":{"line":30,"column":4},"end":{"line":30,"column":16}},"15":{"start":{"line":6,"column":0},"end":{"line":6,"column":13}}},"fnMap":{"0":{"name":"(anonymous_7)","decl":{"start":{"line":7,"column":2},"end":{"line":7,"column":31}},"loc":{"start":{"line":7,"column":61},"end":{"line":7,"column":65}}},"1":{"name":"(anonymous_8)","decl":{"start":{"line":9,"column":15},"end":{"line":9,"column":22}},"loc":{"start":{"line":9,"column":40},"end":{"line":14,"column":null}}},"2":{"name":"(anonymous_10)","decl":{"start":{"line":16,"column":15},"end":{"line":16,"column":25}},"loc":{"start":{"line":16,"column":38},"end":{"line":19,"column":null}}},"3":{"name":"(anonymous_12)","decl":{"start":{"line":20,"column":15},"end":{"line":20,"column":23}},"loc":{"start":{"line":20,"column":23},"end":{"line":23,"column":null}}},"4":{"name":"(anonymous_14)","decl":{"start":{"line":24,"column":15},"end":{"line":24,"column":22}},"loc":{"start":{"line":24,"column":47},"end":{"line":27,"column":null}}},"5":{"name":"(anonymous_16)","decl":{"start":{"line":28,"column":15},"end":{"line":28,"column":28}},"loc":{"start":{"line":28,"column":41},"end":{"line":31,"column":null}}}},"branchMap":{},"s":{"0":1,"1":1,"2":1,"3":1,"4":1,"5":1,"6":1,"7":1,"8":1,"9":1,"10":1,"11":1,"12":1,"13":1,"14":1,"15":1},"f":{"0":1,"1":1,"2":1,"3":1,"4":1,"5":1},"b":{}}
,"/usr/src/app/src/user/domain/user.value.ts": {"path":"/usr/src/app/src/user/domain/user.value.ts","statementMap":{"0":{"start":{"line":9,"column":4},"end":{"line":9,"column":26}},"1":{"start":{"line":10,"column":4},"end":{"line":10,"column":26}},"2":{"start":{"line":11,"column":4},"end":{"line":11,"column":28}},"3":{"start":{"line":12,"column":4},"end":{"line":12,"column":34}},"4":{"start":{"line":3,"column":0},"end":{"line":3,"column":13}},"5":{"start":{"line":20,"column":4},"end":{"line":20,"column":28}},"6":{"start":{"line":21,"column":4},"end":{"line":21,"column":34}},"7":{"start":{"line":16,"column":0},"end":{"line":16,"column":13}}},"fnMap":{"0":{"name":"(anonymous_0)","decl":{"start":{"line":8,"column":2},"end":{"line":8,"column":14}},"loc":{"start":{"line":8,"column":31},"end":{"line":13,"column":3}}},"1":{"name":"(anonymous_1)","decl":{"start":{"line":19,"column":2},"end":{"line":19,"column":14}},"loc":{"start":{"line":19,"column":31},"end":{"line":22,"column":3}}}},"branchMap":{},"s":{"0":1,"1":1,"2":1,"3":1,"4":1,"5":0,"6":0,"7":1},"f":{"0":1,"1":0},"b":{}}
,"/usr/src/app/src/user/infrastructure/controllers/user.ctrl.ts": {"path":"/usr/src/app/src/user/infrastructure/controllers/user.ctrl.ts","statementMap":{"0":{"start":{"line":2,"column":0},"end":{"line":2,"column":68}},"1":{"start":{"line":3,"column":0},"end":{"line":3,"column":30}},"2":{"start":{"line":5,"column":0},"end":{"line":5,"column":56}},"3":{"start":{"line":6,"column":0},"end":{"line":6,"column":55}},"4":{"start":{"line":7,"column":0},"end":{"line":7,"column":23}},"5":{"start":{"line":8,"column":0},"end":{"line":8,"column":52}},"6":{"start":{"line":12,"column":12},"end":{"line":12,"column":36}},"7":{"start":{"line":13,"column":21},"end":{"line":13,"column":50}},"8":{"start":{"line":16,"column":9},"end":{"line":39,"column":4}},"9":{"start":{"line":16,"column":76},"end":{"line":39,"column":4}},"10":{"start":{"line":17,"column":4},"end":{"line":38,"column":5}},"11":{"start":{"line":18,"column":31},"end":{"line":18,"column":56}},"12":{"start":{"line":19,"column":6},"end":{"line":20,"column":75}},"13":{"start":{"line":20,"column":8},"end":{"line":20,"column":75}},"14":{"start":{"line":22,"column":38},"end":{"line":22,"column":43}},"15":{"start":{"line":22,"column":33},"end":{"line":22,"column":38}},"16":{"start":{"line":23,"column":29},"end":{"line":23,"column":60}},"17":{"start":{"line":25,"column":34},"end":{"line":27,"column":null}},"18":{"start":{"line":30,"column":19},"end":{"line":30,"column":73}},"19":{"start":{"line":31,"column":6},"end":{"line":32,"column":75}},"20":{"start":{"line":32,"column":8},"end":{"line":32,"column":75}},"21":{"start":{"line":34,"column":6},"end":{"line":34,"column":79}},"22":{"start":{"line":36,"column":6},"end":{"line":36,"column":25}},"23":{"start":{"line":37,"column":6},"end":{"line":37,"column":78}},"24":{"start":{"line":41,"column":9},"end":{"line":55,"column":4}},"25":{"start":{"line":41,"column":72},"end":{"line":55,"column":4}},"26":{"start":{"line":42,"column":4},"end":{"line":54,"column":5}},"27":{"start":{"line":43,"column":20},"end":{"line":43,"column":53}},"28":{"start":{"line":44,"column":6},"end":{"line":44,"column":76}},"29":{"start":{"line":44,"column":18},"end":{"line":44,"column":76}},"30":{"start":{"line":46,"column":35},"end":{"line":49,"column":8}},"31":{"start":{"line":47,"column":38},"end":{"line":47,"column":42}},"32":{"start":{"line":47,"column":33},"end":{"line":47,"column":38}},"33":{"start":{"line":48,"column":8},"end":{"line":48,"column":20}},"34":{"start":{"line":50,"column":6},"end":{"line":50,"column":61}},"35":{"start":{"line":52,"column":6},"end":{"line":52,"column":25}},"36":{"start":{"line":53,"column":6},"end":{"line":53,"column":71}},"37":{"start":{"line":57,"column":9},"end":{"line":72,"column":4}},"38":{"start":{"line":57,"column":77},"end":{"line":72,"column":4}},"39":{"start":{"line":58,"column":21},"end":{"line":58,"column":31}},"40":{"start":{"line":60,"column":4},"end":{"line":71,"column":5}},"41":{"start":{"line":61,"column":19},"end":{"line":61,"column":61}},"42":{"start":{"line":62,"column":6},"end":{"line":64,"column":7}},"43":{"start":{"line":63,"column":8},"end":{"line":63,"column":66}},"44":{"start":{"line":66,"column":36},"end":{"line":66,"column":40}},"45":{"start":{"line":66,"column":31},"end":{"line":66,"column":36}},"46":{"start":{"line":67,"column":6},"end":{"line":67,"column":45}},"47":{"start":{"line":69,"column":6},"end":{"line":69,"column":25}},"48":{"start":{"line":70,"column":6},"end":{"line":70,"column":78}},"49":{"start":{"line":74,"column":9},"end":{"line":107,"column":4}},"50":{"start":{"line":74,"column":76},"end":{"line":107,"column":4}},"51":{"start":{"line":75,"column":4},"end":{"line":106,"column":5}},"52":{"start":{"line":76,"column":31},"end":{"line":76,"column":55}},"53":{"start":{"line":77,"column":6},"end":{"line":79,"column":7}},"54":{"start":{"line":78,"column":8},"end":{"line":78,"column":75}},"55":{"start":{"line":81,"column":34},"end":{"line":81,"column":39}},"56":{"start":{"line":83,"column":19},"end":{"line":83,"column":70}},"57":{"start":{"line":84,"column":6},"end":{"line":86,"column":7}},"58":{"start":{"line":85,"column":8},"end":{"line":85,"column":75}},"59":{"start":{"line":87,"column":20},"end":{"line":87,"column":37}},"60":{"start":{"line":88,"column":6},"end":{"line":102,"column":11}},"61":{"start":{"line":90,"column":10},"end":{"line":94,"column":13}},"62":{"start":{"line":97,"column":10},"end":{"line":97,"column":29}},"63":{"start":{"line":98,"column":10},"end":{"line":101,"column":12}},"64":{"start":{"line":104,"column":6},"end":{"line":104,"column":25}},"65":{"start":{"line":105,"column":6},"end":{"line":105,"column":78}},"66":{"start":{"line":109,"column":9},"end":{"line":123,"column":4}},"67":{"start":{"line":109,"column":74},"end":{"line":123,"column":4}},"68":{"start":{"line":110,"column":4},"end":{"line":122,"column":5}},"69":{"start":{"line":111,"column":23},"end":{"line":111,"column":33}},"70":{"start":{"line":113,"column":22},"end":{"line":113,"column":61}},"71":{"start":{"line":114,"column":6},"end":{"line":114,"column":78}},"72":{"start":{"line":114,"column":20},"end":{"line":114,"column":78}},"73":{"start":{"line":116,"column":6},"end":{"line":118,"column":9}},"74":{"start":{"line":120,"column":6},"end":{"line":120,"column":25}},"75":{"start":{"line":121,"column":6},"end":{"line":121,"column":78}},"76":{"start":{"line":10,"column":0},"end":{"line":10,"column":13}}},"fnMap":{"0":{"name":"(anonymous_9)","decl":{"start":{"line":11,"column":2},"end":{"line":11,"column":null}},"loc":{"start":{"line":13,"column":68},"end":{"line":14,"column":6}}},"1":{"name":"(anonymous_10)","decl":{"start":{"line":16,"column":19},"end":{"line":16,"column":26}},"loc":{"start":{"line":16,"column":76},"end":{"line":39,"column":4}}},"2":{"name":"(anonymous_11)","decl":{"start":{"line":16,"column":76},"end":{"line":16,"column":null}},"loc":{"start":{"line":16,"column":58},"end":{"line":39,"column":3}}},"3":{"name":"(anonymous_12)","decl":{"start":{"line":41,"column":20},"end":{"line":41,"column":27}},"loc":{"start":{"line":41,"column":72},"end":{"line":55,"column":4}}},"4":{"name":"(anonymous_13)","decl":{"start":{"line":41,"column":72},"end":{"line":41,"column":null}},"loc":{"start":{"line":41,"column":72},"end":{"line":55,"column":3}}},"5":{"name":"(anonymous_14)","decl":{"start":{"line":46,"column":45},"end":{"line":46,"column":46}},"loc":{"start":{"line":46,"column":54},"end":{"line":49,"column":7}}},"6":{"name":"(anonymous_15)","decl":{"start":{"line":57,"column":25},"end":{"line":57,"column":32}},"loc":{"start":{"line":57,"column":77},"end":{"line":72,"column":4}}},"7":{"name":"(anonymous_16)","decl":{"start":{"line":57,"column":77},"end":{"line":57,"column":null}},"loc":{"start":{"line":57,"column":77},"end":{"line":72,"column":3}}},"8":{"name":"(anonymous_17)","decl":{"start":{"line":74,"column":19},"end":{"line":74,"column":26}},"loc":{"start":{"line":74,"column":76},"end":{"line":107,"column":4}}},"9":{"name":"(anonymous_18)","decl":{"start":{"line":74,"column":76},"end":{"line":74,"column":null}},"loc":{"start":{"line":74,"column":58},"end":{"line":107,"column":3}}},"10":{"name":"(anonymous_19)","decl":{"start":{"line":89,"column":14},"end":{"line":89,"column":17}},"loc":{"start":{"line":89,"column":19},"end":{"line":95,"column":9}}},"11":{"name":"(anonymous_20)","decl":{"start":{"line":96,"column":15},"end":{"line":96,"column":16}},"loc":{"start":{"line":96,"column":28},"end":{"line":102,"column":9}}},"12":{"name":"(anonymous_21)","decl":{"start":{"line":109,"column":22},"end":{"line":109,"column":29}},"loc":{"start":{"line":109,"column":74},"end":{"line":123,"column":4}}},"13":{"name":"(anonymous_22)","decl":{"start":{"line":109,"column":74},"end":{"line":109,"column":null}},"loc":{"start":{"line":109,"column":74},"end":{"line":123,"column":3}}}},"branchMap":{"0":{"loc":{"start":{"line":13,"column":21},"end":{"line":13,"column":68}},"type":"default-arg","locations":[{"start":{"line":13,"column":50},"end":{"line":13,"column":68}}]},"1":{"loc":{"start":{"line":19,"column":6},"end":{"line":20,"column":75}},"type":"if","locations":[{"start":{"line":19,"column":6},"end":{"line":20,"column":75}}]},"2":{"loc":{"start":{"line":31,"column":6},"end":{"line":32,"column":75}},"type":"if","locations":[{"start":{"line":31,"column":6},"end":{"line":32,"column":75}}]},"3":{"loc":{"start":{"line":44,"column":6},"end":{"line":44,"column":76}},"type":"if","locations":[{"start":{"line":44,"column":6},"end":{"line":44,"column":76}}]},"4":{"loc":{"start":{"line":62,"column":6},"end":{"line":64,"column":7}},"type":"if","locations":[{"start":{"line":62,"column":6},"end":{"line":64,"column":7}}]},"5":{"loc":{"start":{"line":77,"column":6},"end":{"line":79,"column":7}},"type":"if","locations":[{"start":{"line":77,"column":6},"end":{"line":79,"column":7}}]},"6":{"loc":{"start":{"line":84,"column":6},"end":{"line":86,"column":7}},"type":"if","locations":[{"start":{"line":84,"column":6},"end":{"line":86,"column":7}}]},"7":{"loc":{"start":{"line":114,"column":6},"end":{"line":114,"column":78}},"type":"if","locations":[{"start":{"line":114,"column":6},"end":{"line":114,"column":78}}]}},"s":{"0":1,"1":1,"2":1,"3":1,"4":1,"5":1,"6":1,"7":1,"8":1,"9":1,"10":1,"11":1,"12":1,"13":0,"14":1,"15":1,"16":1,"17":1,"18":1,"19":1,"20":0,"21":1,"22":0,"23":0,"24":1,"25":1,"26":1,"27":1,"28":1,"29":0,"30":1,"31":1,"32":1,"33":1,"34":1,"35":0,"36":0,"37":1,"38":1,"39":1,"40":1,"41":1,"42":1,"43":0,"44":1,"45":1,"46":1,"47":0,"48":0,"49":1,"50":1,"51":1,"52":1,"53":1,"54":0,"55":1,"56":1,"57":1,"58":0,"59":1,"60":1,"61":1,"62":0,"63":0,"64":0,"65":0,"66":1,"67":1,"68":1,"69":1,"70":1,"71":1,"72":0,"73":1,"74":0,"75":0,"76":1},"f":{"0":1,"1":1,"2":1,"3":1,"4":1,"5":1,"6":1,"7":1,"8":1,"9":1,"10":1,"11":0,"12":1,"13":1},"b":{"0":[1],"1":[0],"2":[0],"3":[0],"4":[0],"5":[0],"6":[0],"7":[0]}}
,"/usr/src/app/src/user/infrastructure/documentation/swagger.documentation.ts": {"path":"/usr/src/app/src/user/infrastructure/documentation/swagger.documentation.ts","statementMap":{"0":{"start":{"line":1,"column":13},"end":{"line":36,"column":2}}},"fnMap":{},"branchMap":{},"s":{"0":1},"f":{},"b":{}}
,"/usr/src/app/src/user/infrastructure/helpers/error.handler.ts": {"path":"/usr/src/app/src/user/infrastructure/helpers/error.handler.ts","statementMap":{"0":{"start":{"line":3,"column":0},"end":{"line":3,"column":null}},"1":{"start":{"line":4,"column":2},"end":{"line":4,"column":null}},"2":{"start":{"line":5,"column":2},"end":{"line":5,"column":null}},"3":{"start":{"line":6,"column":2},"end":{"line":6,"column":null}},"4":{"start":{"line":7,"column":2},"end":{"line":7,"column":null}},"5":{"start":{"line":8,"column":2},"end":{"line":8,"column":null}},"6":{"start":{"line":9,"column":2},"end":{"line":9,"column":null}},"7":{"start":{"line":14,"column":4},"end":{"line":18,"column":7}},"8":{"start":{"line":22,"column":4},"end":{"line":25,"column":7}},"9":{"start":{"line":29,"column":4},"end":{"line":32,"column":7}},"10":{"start":{"line":36,"column":4},"end":{"line":39,"column":7}},"11":{"start":{"line":43,"column":4},"end":{"line":46,"column":7}},"12":{"start":{"line":50,"column":4},"end":{"line":53,"column":7}},"13":{"start":{"line":12,"column":0},"end":{"line":12,"column":13}}},"fnMap":{"0":{"name":"(anonymous_0)","decl":{"start":{"line":3,"column":0},"end":{"line":3,"column":12}},"loc":{"start":{"line":3,"column":22},"end":{"line":10,"column":1}}},"1":{"name":"(anonymous_1)","decl":{"start":{"line":13,"column":2},"end":{"line":13,"column":4}},"loc":{"start":{"line":13,"column":30},"end":{"line":19,"column":3}}},"2":{"name":"(anonymous_2)","decl":{"start":{"line":21,"column":2},"end":{"line":21,"column":12}},"loc":{"start":{"line":21,"column":43},"end":{"line":26,"column":3}}},"3":{"name":"(anonymous_3)","decl":{"start":{"line":28,"column":2},"end":{"line":28,"column":10}},"loc":{"start":{"line":28,"column":41},"end":{"line":33,"column":3}}},"4":{"name":"(anonymous_4)","decl":{"start":{"line":35,"column":2},"end":{"line":35,"column":14}},"loc":{"start":{"line":35,"column":45},"end":{"line":40,"column":3}}},"5":{"name":"(anonymous_5)","decl":{"start":{"line":42,"column":2},"end":{"line":42,"column":11}},"loc":{"start":{"line":42,"column":42},"end":{"line":47,"column":3}}},"6":{"name":"(anonymous_6)","decl":{"start":{"line":49,"column":2},"end":{"line":49,"column":21}},"loc":{"start":{"line":49,"column":52},"end":{"line":54,"column":3}}}},"branchMap":{"0":{"loc":{"start":{"line":3,"column":12},"end":{"line":3,"column":null}},"type":"binary-expr","locations":[{"start":{"line":3,"column":12},"end":{"line":3,"column":22}},{"start":{"line":3,"column":22},"end":{"line":3,"column":null}}]}},"s":{"0":1,"1":1,"2":1,"3":1,"4":1,"5":1,"6":1,"7":5,"8":0,"9":0,"10":0,"11":0,"12":0,"13":1},"f":{"0":1,"1":5,"2":0,"3":0,"4":0,"5":0,"6":0},"b":{"0":[1,1]}}
,"/usr/src/app/src/user/infrastructure/helpers/schema.validator.ts": {"path":"/usr/src/app/src/user/infrastructure/helpers/schema.validator.ts","statementMap":{"0":{"start":{"line":1,"column":0},"end":{"line":1,"column":22}},"1":{"start":{"line":3,"column":13},"end":{"line":7,"column":3}},"2":{"start":{"line":9,"column":13},"end":{"line":12,"column":3}}},"fnMap":{},"branchMap":{},"s":{"0":1,"1":1,"2":1},"f":{},"b":{}}
,"/usr/src/app/src/user/infrastructure/helpers/setTokenRedis.ts": {"path":"/usr/src/app/src/user/infrastructure/helpers/setTokenRedis.ts","statementMap":{"0":{"start":{"line":1,"column":0},"end":{"line":1,"column":48}},"1":{"start":{"line":3,"column":24},"end":{"line":11,"column":2}},"2":{"start":{"line":3,"column":77},"end":{"line":11,"column":2}},"3":{"start":{"line":4,"column":22},"end":{"line":4,"column":38}},"4":{"start":{"line":5,"column":2},"end":{"line":10,"column":3}},"5":{"start":{"line":6,"column":4},"end":{"line":6,"column":52}},"6":{"start":{"line":8,"column":4},"end":{"line":8,"column":54}},"7":{"start":{"line":9,"column":4},"end":{"line":9,"column":62}},"8":{"start":{"line":3,"column":13},"end":{"line":3,"column":24}}},"fnMap":{"0":{"name":"(anonymous_7)","decl":{"start":{"line":3,"column":24},"end":{"line":3,"column":31}},"loc":{"start":{"line":3,"column":77},"end":{"line":11,"column":2}}},"1":{"name":"(anonymous_8)","decl":{"start":{"line":3,"column":77},"end":{"line":3,"column":null}},"loc":{"start":{"line":3,"column":77},"end":{"line":11,"column":1}}}},"branchMap":{},"s":{"0":1,"1":1,"2":1,"3":1,"4":1,"5":1,"6":0,"7":0,"8":1},"f":{"0":1,"1":1},"b":{}}
,"/usr/src/app/src/user/infrastructure/helpers/token.creator.ts": {"path":"/usr/src/app/src/user/infrastructure/helpers/token.creator.ts","statementMap":{"0":{"start":{"line":1,"column":0},"end":{"line":1,"column":29}},"1":{"start":{"line":2,"column":0},"end":{"line":2,"column":28}},"2":{"start":{"line":4,"column":0},"end":{"line":4,"column":23}},"3":{"start":{"line":12,"column":27},"end":{"line":20,"column":1}},"4":{"start":{"line":13,"column":30},"end":{"line":13,"column":64}},"5":{"start":{"line":14,"column":27},"end":{"line":18,"column":4}},"6":{"start":{"line":19,"column":2},"end":{"line":19,"column":42}},"7":{"start":{"line":12,"column":13},"end":{"line":12,"column":27}}},"fnMap":{"0":{"name":"(anonymous_1)","decl":{"start":{"line":12,"column":27},"end":{"line":12,"column":28}},"loc":{"start":{"line":12,"column":49},"end":{"line":20,"column":1}}}},"branchMap":{},"s":{"0":1,"1":1,"2":1,"3":1,"4":1,"5":1,"6":1,"7":1},"f":{"0":1},"b":{}}
,"/usr/src/app/src/user/infrastructure/postgres/pg.ts": {"path":"/usr/src/app/src/user/infrastructure/postgres/pg.ts","statementMap":{"0":{"start":{"line":1,"column":0},"end":{"line":1,"column":23}},"1":{"start":{"line":3,"column":13},"end":{"line":9,"column":2}}},"fnMap":{},"branchMap":{},"s":{"0":1,"1":1},"f":{},"b":{}}
,"/usr/src/app/src/user/infrastructure/redis/redis.ts": {"path":"/usr/src/app/src/user/infrastructure/redis/redis.ts","statementMap":{"0":{"start":{"line":2,"column":0},"end":{"line":2,"column":54}},"1":{"start":{"line":3,"column":0},"end":{"line":3,"column":23}},"2":{"start":{"line":5,"column":11},"end":{"line":5,"column":54}},"3":{"start":{"line":7,"column":28},"end":{"line":19,"column":2}},"4":{"start":{"line":7,"column":54},"end":{"line":19,"column":2}},"5":{"start":{"line":8,"column":2},"end":{"line":10,"column":3}},"6":{"start":{"line":9,"column":4},"end":{"line":9,"column":73}},"7":{"start":{"line":12,"column":2},"end":{"line":18,"column":3}},"8":{"start":{"line":13,"column":4},"end":{"line":13,"column":32}},"9":{"start":{"line":14,"column":4},"end":{"line":14,"column":38}},"10":{"start":{"line":16,"column":4},"end":{"line":16,"column":55}},"11":{"start":{"line":17,"column":4},"end":{"line":17,"column":20}},"12":{"start":{"line":7,"column":13},"end":{"line":7,"column":28}},"13":{"start":{"line":21,"column":30},"end":{"line":26,"column":1}},"14":{"start":{"line":22,"column":2},"end":{"line":24,"column":3}},"15":{"start":{"line":23,"column":4},"end":{"line":23,"column":54}},"16":{"start":{"line":25,"column":2},"end":{"line":25,"column":21}},"17":{"start":{"line":21,"column":13},"end":{"line":21,"column":30}}},"fnMap":{"0":{"name":"(anonymous_7)","decl":{"start":{"line":7,"column":28},"end":{"line":7,"column":52}},"loc":{"start":{"line":7,"column":54},"end":{"line":19,"column":2}}},"1":{"name":"(anonymous_8)","decl":{"start":{"line":7,"column":54},"end":{"line":7,"column":null}},"loc":{"start":{"line":7,"column":54},"end":{"line":19,"column":1}}},"2":{"name":"(anonymous_9)","decl":{"start":{"line":21,"column":30},"end":{"line":21,"column":50}},"loc":{"start":{"line":21,"column":52},"end":{"line":26,"column":1}}}},"branchMap":{"0":{"loc":{"start":{"line":8,"column":2},"end":{"line":10,"column":3}},"type":"if","locations":[{"start":{"line":8,"column":2},"end":{"line":10,"column":3}}]},"1":{"loc":{"start":{"line":22,"column":2},"end":{"line":24,"column":3}},"type":"if","locations":[{"start":{"line":22,"column":2},"end":{"line":24,"column":3}}]}},"s":{"0":1,"1":1,"2":1,"3":1,"4":1,"5":1,"6":1,"7":1,"8":1,"9":1,"10":0,"11":0,"12":1,"13":1,"14":1,"15":0,"16":1,"17":1},"f":{"0":1,"1":1,"2":1},"b":{"0":[1],"1":[0]}}
,"/usr/src/app/src/user/infrastructure/repository/pg.repository.ts": {"path":"/usr/src/app/src/user/infrastructure/repository/pg.repository.ts","statementMap":{"0":{"start":{"line":3,"column":0},"end":{"line":3,"column":61}},"1":{"start":{"line":7,"column":4},"end":{"line":17,"column":5}},"2":{"start":{"line":8,"column":21},"end":{"line":8,"column":44}},"3":{"start":{"line":9,"column":20},"end":{"line":9,"column":93}},"4":{"start":{"line":10,"column":21},"end":{"line":10,"column":70}},"5":{"start":{"line":11,"column":6},"end":{"line":11,"column":40}},"6":{"start":{"line":12,"column":6},"end":{"line":12,"column":23}},"7":{"start":{"line":13,"column":6},"end":{"line":13,"column":18}},"8":{"start":{"line":15,"column":6},"end":{"line":15,"column":25}},"9":{"start":{"line":16,"column":6},"end":{"line":16,"column":78}},"10":{"start":{"line":21,"column":4},"end":{"line":32,"column":5}},"11":{"start":{"line":22,"column":21},"end":{"line":22,"column":44}},"12":{"start":{"line":23,"column":20},"end":{"line":23,"column":41}},"13":{"start":{"line":24,"column":21},"end":{"line":24,"column":46}},"14":{"start":{"line":25,"column":6},"end":{"line":25,"column":23}},"15":{"start":{"line":26,"column":6},"end":{"line":26,"column":25}},"16":{"start":{"line":28,"column":6},"end":{"line":28,"column":25}},"17":{"start":{"line":29,"column":6},"end":{"line":31,"column":8}},"18":{"start":{"line":36,"column":4},"end":{"line":48,"column":5}},"19":{"start":{"line":37,"column":21},"end":{"line":37,"column":44}},"20":{"start":{"line":38,"column":20},"end":{"line":38,"column":57}},"21":{"start":{"line":39,"column":21},"end":{"line":39,"column":27}},"22":{"start":{"line":40,"column":21},"end":{"line":40,"column":54}},"23":{"start":{"line":41,"column":19},"end":{"line":41,"column":65}},"24":{"start":{"line":43,"column":6},"end":{"line":43,"column":23}},"25":{"start":{"line":44,"column":6},"end":{"line":44,"column":18}},"26":{"start":{"line":46,"column":6},"end":{"line":46,"column":25}},"27":{"start":{"line":47,"column":6},"end":{"line":47,"column":71}},"28":{"start":{"line":52,"column":4},"end":{"line":64,"column":5}},"29":{"start":{"line":53,"column":21},"end":{"line":53,"column":44}},"30":{"start":{"line":54,"column":20},"end":{"line":54,"column":58}},"31":{"start":{"line":55,"column":21},"end":{"line":55,"column":40}},"32":{"start":{"line":56,"column":21},"end":{"line":56,"column":54}},"33":{"start":{"line":57,"column":19},"end":{"line":57,"column":65}},"34":{"start":{"line":59,"column":6},"end":{"line":59,"column":23}},"35":{"start":{"line":60,"column":6},"end":{"line":60,"column":18}},"36":{"start":{"line":62,"column":6},"end":{"line":62,"column":25}},"37":{"start":{"line":63,"column":6},"end":{"line":63,"column":70}},"38":{"start":{"line":68,"column":4},"end":{"line":84,"column":5}},"39":{"start":{"line":69,"column":21},"end":{"line":69,"column":44}},"40":{"start":{"line":70,"column":20},"end":{"line":70,"column":55}},"41":{"start":{"line":71,"column":21},"end":{"line":71,"column":27}},"42":{"start":{"line":72,"column":21},"end":{"line":72,"column":54}},"43":{"start":{"line":73,"column":6},"end":{"line":73,"column":23}},"44":{"start":{"line":75,"column":6},"end":{"line":77,"column":7}},"45":{"start":{"line":76,"column":8},"end":{"line":76,"column":20}},"46":{"start":{"line":78,"column":6},"end":{"line":78,"column":18}},"47":{"start":{"line":80,"column":6},"end":{"line":80,"column":25}},"48":{"start":{"line":81,"column":6},"end":{"line":83,"column":8}},"49":{"start":{"line":5,"column":0},"end":{"line":5,"column":13}}},"fnMap":{"0":{"name":"(anonymous_7)","decl":{"start":{"line":6,"column":8},"end":{"line":6,"column":15}},"loc":{"start":{"line":6,"column":33},"end":{"line":18,"column":null}}},"1":{"name":"(anonymous_9)","decl":{"start":{"line":20,"column":8},"end":{"line":20,"column":16}},"loc":{"start":{"line":20,"column":16},"end":{"line":33,"column":null}}},"2":{"name":"(anonymous_11)","decl":{"start":{"line":35,"column":8},"end":{"line":35,"column":21}},"loc":{"start":{"line":35,"column":34},"end":{"line":49,"column":null}}},"3":{"name":"(anonymous_13)","decl":{"start":{"line":51,"column":8},"end":{"line":51,"column":15}},"loc":{"start":{"line":51,"column":40},"end":{"line":65,"column":null}}},"4":{"name":"(anonymous_15)","decl":{"start":{"line":67,"column":8},"end":{"line":67,"column":19}},"loc":{"start":{"line":67,"column":32},"end":{"line":85,"column":null}}}},"branchMap":{"0":{"loc":{"start":{"line":41,"column":19},"end":{"line":41,"column":65}},"type":"cond-expr","locations":[{"start":{"line":41,"column":44},"end":{"line":41,"column":58}},{"start":{"line":41,"column":61},"end":{"line":41,"column":65}}]},"1":{"loc":{"start":{"line":57,"column":19},"end":{"line":57,"column":65}},"type":"cond-expr","locations":[{"start":{"line":57,"column":44},"end":{"line":57,"column":58}},{"start":{"line":57,"column":61},"end":{"line":57,"column":65}}]},"2":{"loc":{"start":{"line":75,"column":6},"end":{"line":77,"column":7}},"type":"if","locations":[{"start":{"line":75,"column":6},"end":{"line":77,"column":7}}]}},"s":{"0":1,"1":1,"2":1,"3":1,"4":1,"5":1,"6":1,"7":1,"8":0,"9":0,"10":1,"11":1,"12":1,"13":1,"14":1,"15":1,"16":0,"17":0,"18":1,"19":1,"20":1,"21":1,"22":1,"23":1,"24":1,"25":1,"26":0,"27":0,"28":1,"29":1,"30":1,"31":1,"32":1,"33":1,"34":1,"35":1,"36":0,"37":0,"38":1,"39":1,"40":1,"41":1,"42":1,"43":1,"44":1,"45":0,"46":1,"47":0,"48":0,"49":1},"f":{"0":1,"1":1,"2":1,"3":1,"4":1},"b":{"0":[1,0],"1":[1,0],"2":[0]}}
,"/usr/src/app/src/user/infrastructure/routes/user.routes.ts": {"path":"/usr/src/app/src/user/infrastructure/routes/user.routes.ts","statementMap":{"0":{"start":{"line":1,"column":0},"end":{"line":1,"column":33}},"1":{"start":{"line":2,"column":0},"end":{"line":2,"column":59}},"2":{"start":{"line":3,"column":0},"end":{"line":3,"column":60}},"3":{"start":{"line":4,"column":0},"end":{"line":4,"column":58}},"4":{"start":{"line":6,"column":15},"end":{"line":6,"column":23}},"5":{"start":{"line":8,"column":23},"end":{"line":8,"column":41}},"6":{"start":{"line":9,"column":20},"end":{"line":9,"column":51}},"7":{"start":{"line":10,"column":17},"end":{"line":10,"column":48}},"8":{"start":{"line":12,"column":0},"end":{"line":12,"column":35}},"9":{"start":{"line":13,"column":0},"end":{"line":13,"column":39}},"10":{"start":{"line":14,"column":0},"end":{"line":14,"column":35}},"11":{"start":{"line":15,"column":0},"end":{"line":15,"column":45}},"12":{"start":{"line":16,"column":0},"end":{"line":16,"column":45}},"13":{"start":{"line":18,"column":0},"end":{"line":18,"column":22}}},"fnMap":{},"branchMap":{},"s":{"0":1,"1":1,"2":1,"3":1,"4":1,"5":1,"6":1,"7":1,"8":1,"9":1,"10":1,"11":1,"12":1,"13":1},"f":{},"b":{}}
,"/usr/src/app/src/user/utils/pgPoolConector.ts": {"path":"/usr/src/app/src/user/utils/pgPoolConector.ts","statementMap":{"0":{"start":{"line":1,"column":0},"end":{"line":1,"column":26}},"1":{"start":{"line":2,"column":0},"end":{"line":2,"column":57}},"2":{"start":{"line":4,"column":13},"end":{"line":4,"column":31}},"3":{"start":{"line":6,"column":31},"end":{"line":14,"column":2}},"4":{"start":{"line":6,"column":42},"end":{"line":14,"column":2}},"5":{"start":{"line":7,"column":2},"end":{"line":13,"column":3}},"6":{"start":{"line":8,"column":19},"end":{"line":8,"column":39}},"7":{"start":{"line":9,"column":4},"end":{"line":9,"column":18}},"8":{"start":{"line":11,"column":4},"end":{"line":11,"column":21}},"9":{"start":{"line":12,"column":4},"end":{"line":12,"column":70}},"10":{"start":{"line":6,"column":13},"end":{"line":6,"column":31}}},"fnMap":{"0":{"name":"(anonymous_7)","decl":{"start":{"line":6,"column":31},"end":{"line":6,"column":40}},"loc":{"start":{"line":6,"column":42},"end":{"line":14,"column":2}}},"1":{"name":"(anonymous_8)","decl":{"start":{"line":6,"column":42},"end":{"line":6,"column":null}},"loc":{"start":{"line":6,"column":42},"end":{"line":14,"column":1}}}},"branchMap":{},"s":{"0":1,"1":1,"2":1,"3":1,"4":6,"5":6,"6":6,"7":6,"8":0,"9":0,"10":1},"f":{"0":6,"1":6},"b":{}}
}
